0 info it worked if it ends with ok
1 verbose cli [ '/usr/local/bin/node', '/usr/local/bin/npm', 'publish' ]
2 info using npm@3.10.3
3 info using node@v6.4.0
4 verbose publish [ '.' ]
5 silly cache add args [ '.', null ]
6 verbose cache add spec .
7 silly cache add parsed spec Result {
7 silly cache add   raw: '.',
7 silly cache add   scope: null,
7 silly cache add   escapedName: null,
7 silly cache add   name: null,
7 silly cache add   rawSpec: '.',
7 silly cache add   spec: '/home/aqeel/legalinc/angular2-json2csv',
7 silly cache add   type: 'directory' }
8 verbose addLocalDirectory /home/aqeel/.npm/angular2-json2csv/1.0.1/package.tgz not in flight; packing
9 verbose correctMkdir /home/aqeel/.npm correctMkdir not in flight; initializing
10 info lifecycle angular2-json2csv@1.0.1~prepublish: angular2-json2csv@1.0.1
11 silly lifecycle angular2-json2csv@1.0.1~prepublish: no script for prepublish, continuing
12 verbose tar pack [ '/home/aqeel/.npm/angular2-json2csv/1.0.1/package.tgz',
12 verbose tar pack   '/home/aqeel/legalinc/angular2-json2csv' ]
13 verbose tarball /home/aqeel/.npm/angular2-json2csv/1.0.1/package.tgz
14 verbose folder /home/aqeel/legalinc/angular2-json2csv
15 verbose addLocalTarball adding from inside cache /home/aqeel/.npm/angular2-json2csv/1.0.1/package.tgz
16 verbose correctMkdir /home/aqeel/.npm correctMkdir not in flight; initializing
17 silly cache afterAdd angular2-json2csv@1.0.1
18 verbose afterAdd /home/aqeel/.npm/angular2-json2csv/1.0.1/package/package.json not in flight; writing
19 verbose correctMkdir /home/aqeel/.npm correctMkdir not in flight; initializing
20 verbose afterAdd /home/aqeel/.npm/angular2-json2csv/1.0.1/package/package.json written
21 silly publish { _args:
21 silly publish    [ [ [Object],
21 silly publish        '/home/aqeel/legalinc/legalinc-new/public/UI/CRCNEW' ] ],
21 silly publish   _from: '.',
21 silly publish   _id: 'angular2-json2csv@1.0.1',
21 silly publish   _inCache: true,
21 silly publish   _installable: true,
21 silly publish   _location: '/angular2-json2csv',
21 silly publish   _nodeVersion: '6.4.0',
21 silly publish   _npmOperationalInternal:
21 silly publish    { host: 'packages-12-west.internal.npmjs.com',
21 silly publish      tmp: 'tmp/angular2-json2csv-1.0.1.tgz_1472130432031_0.653154672589153' },
21 silly publish   _npmUser: { name: 'aqeel.legalinc', email: 'aqeel.legalinc@nxvt.com' },
21 silly publish   _npmVersion: '3.10.3',
21 silly publish   _phantomChildren: {},
21 silly publish   _requested:
21 silly publish    { raw: 'angular2-json2csv',
21 silly publish      scope: null,
21 silly publish      escapedName: 'angular2-json2csv',
21 silly publish      name: 'angular2-json2csv',
21 silly publish      rawSpec: '',
21 silly publish      spec: 'latest',
21 silly publish      type: 'tag' },
21 silly publish   _requiredBy: [ '#USER', '/' ],
21 silly publish   _resolved: 'https://registry.npmjs.org/angular2-json2csv/-/angular2-json2csv-1.0.1.tgz',
21 silly publish   _shasum: '23f656e0771a0a1c2ad6d0f3ccee175c3e5e6671',
21 silly publish   _shrinkwrap: null,
21 silly publish   _spec: 'angular2-json2csv',
21 silly publish   _where: '/home/aqeel/legalinc/legalinc-new/public/UI/CRCNEW',
21 silly publish   author:
21 silly publish    { name: 'Aqeel Shamas',
21 silly publish      email: 'aqeel.legalinc@nxvt.com',
21 silly publish      url: 'http://vteams.com' },
21 silly publish   bugs: { url: 'https://github.com/aqeel-legalinc/angular2-json2csv/issues' },
21 silly publish   dependencies: {},
21 silly publish   description: 'Service to convert Json to Downloadable csv',
21 silly publish   devDependencies: {},
21 silly publish   directories: {},
21 silly publish   dist:
21 silly publish    { shasum: '2b48466e2d8421d019af53760fa93458fe57a620',
21 silly publish      tarball: 'https://registry.npmjs.org/angular2-json2csv/-/angular2-json2csv-1.0.1.tgz' },
21 silly publish   gitHead: '9d4835263e7b95a45da9e3cb9d087ba5108a22e6',
21 silly publish   homepage: 'https://github.com/aqeel-legalinc/angular2-json2csv#readme',
21 silly publish   keywords: [ 'angular2', 'json2csv' ],
21 silly publish   license: 'ISC',
21 silly publish   main: 'index.js',
21 silly publish   maintainers: [ { name: 'aqeel.legalinc', email: 'aqeel.legalinc@nxvt.com' } ],
21 silly publish   name: 'angular2-json2csv',
21 silly publish   optionalDependencies: {},
21 silly publish   readme: 'ERROR: No README data found!',
21 silly publish   repository:
21 silly publish    { type: 'git',
21 silly publish      url: 'git+https://github.com/aqeel-legalinc/angular2-json2csv.git' },
21 silly publish   scripts: { test: 'echo "Error: no test specified" && exit 1' },
21 silly publish   version: '1.0.1' }
22 verbose getPublishConfig undefined
23 silly mapToRegistry name angular2-json2csv
24 silly mapToRegistry using default registry
25 silly mapToRegistry registry https://registry.npmjs.org/
26 silly mapToRegistry data Result {
26 silly mapToRegistry   raw: 'angular2-json2csv',
26 silly mapToRegistry   scope: null,
26 silly mapToRegistry   escapedName: 'angular2-json2csv',
26 silly mapToRegistry   name: 'angular2-json2csv',
26 silly mapToRegistry   rawSpec: '',
26 silly mapToRegistry   spec: 'latest',
26 silly mapToRegistry   type: 'tag' }
27 silly mapToRegistry uri https://registry.npmjs.org/angular2-json2csv
28 verbose publish registryBase https://registry.npmjs.org/
29 silly publish uploading /home/aqeel/.npm/angular2-json2csv/1.0.1/package.tgz
30 verbose request uri https://registry.npmjs.org/angular2-json2csv
31 verbose request sending authorization for write operation
32 info attempt registry request try #1 at 12:59:07 PM
33 verbose request using bearer token for auth
34 verbose request id 128826b01222ba13
35 http request PUT https://registry.npmjs.org/angular2-json2csv
36 http 403 https://registry.npmjs.org/angular2-json2csv
37 verbose headers { 'content-type': 'application/json',
37 verbose headers   'cache-control': 'max-age=300',
37 verbose headers   'content-length': '95',
37 verbose headers   'accept-ranges': 'bytes',
37 verbose headers   date: 'Fri, 26 Aug 2016 07:59:09 GMT',
37 verbose headers   via: '1.1 varnish',
37 verbose headers   connection: 'keep-alive',
37 verbose headers   'x-served-by': 'cache-bma7029-BMA',
37 verbose headers   'x-cache': 'MISS',
37 verbose headers   'x-cache-hits': '0',
37 verbose headers   'x-timer': 'S1472198348.350748,VS0,VE1077',
37 verbose headers   vary: 'Accept-Encoding' }
38 verbose request invalidating /home/aqeel/.npm/registry.npmjs.org/angular2-json2csv on PUT
39 error publish Failed PUT 403
40 verbose stack Error: "You cannot publish over the previously published version 1.0.1." : angular2-json2csv
40 verbose stack     at makeError (/usr/local/lib/node_modules/npm/node_modules/npm-registry-client/lib/request.js:264:12)
40 verbose stack     at CachingRegistryClient.<anonymous> (/usr/local/lib/node_modules/npm/node_modules/npm-registry-client/lib/request.js:252:14)
40 verbose stack     at Request._callback (/usr/local/lib/node_modules/npm/node_modules/npm-registry-client/lib/request.js:172:14)
40 verbose stack     at Request.self.callback (/usr/local/lib/node_modules/npm/node_modules/request/request.js:200:22)
40 verbose stack     at emitTwo (events.js:106:13)
40 verbose stack     at Request.emit (events.js:191:7)
40 verbose stack     at Request.<anonymous> (/usr/local/lib/node_modules/npm/node_modules/request/request.js:1067:10)
40 verbose stack     at emitOne (events.js:101:20)
40 verbose stack     at Request.emit (events.js:188:7)
40 verbose stack     at IncomingMessage.<anonymous> (/usr/local/lib/node_modules/npm/node_modules/request/request.js:988:12)
41 verbose statusCode 403
42 verbose pkgid angular2-json2csv
43 verbose cwd /home/aqeel/legalinc/angular2-json2csv
44 error Linux 3.13.0-24-generic
45 error argv "/usr/local/bin/node" "/usr/local/bin/npm" "publish"
46 error node v6.4.0
47 error npm  v3.10.3
48 error code E403
49 error "You cannot publish over the previously published version 1.0.1." : angular2-json2csv
50 error If you need help, you may report this error at:
50 error     <https://github.com/npm/npm/issues>
51 verbose exit [ 1, true ]
